[0109/162621.443:ERROR:filesystem_win.cc(129)] GetFileAttributes C:\Users\eichs\AppData\Local\Temp\scoped_dir8480_831006013\Crashpad\attachments\bfe44dd6-a08d-4092-bd2e-a2a90c7edb5a: Das System kann den angegebenen Pfad nicht finden. (0x3)
[0109/162732.606:ERROR:filesystem_win.cc(129)] GetFileAttributes C:\Users\eichs\AppData\Local\Temp\scoped_dir17264_1328751747\Crashpad\attachments\01568f02-1d0c-4afc-b4bb-cc6091c6b2a0: Das System kann den angegebenen Pfad nicht finden. (0x3)
[0109/162841.957:ERROR:filesystem_win.cc(129)] GetFileAttributes C:\Users\eichs\AppData\Local\Temp\scoped_dir17744_1830495009\Crashpad\attachments\618a229b-6161-474d-b9b8-6b12ace1e8ba: Das System kann den angegebenen Pfad nicht finden. (0x3)
[0109/202258.435:ERROR:filesystem_win.cc(129)] GetFileAttributes C:\Users\eichs\AppData\Local\Temp\scoped_dir13272_1927665064\Crashpad\attachments\95fb890a-34d5-43ff-8002-78a60bc03681: Das System kann den angegebenen Pfad nicht finden. (0x3)
[0110/014203.325:ERROR:filesystem_win.cc(129)] GetFileAttributes C:\Users\eichs\AppData\Local\Temp\scoped_dir19060_307285290\Crashpad\attachments\dd9b5410-dab1-4291-8515-6f22f78d9819: Das System kann den angegebenen Pfad nicht finden. (0x3)
[0110/014247.875:ERROR:filesystem_win.cc(129)] GetFileAttributes C:\Users\eichs\AppData\Local\Temp\scoped_dir20848_645849135\Crashpad\attachments\4b3c30ef-cb37-4067-9680-d4a659549519: Das System kann den angegebenen Pfad nicht finden. (0x3)
[0110/021519.312:ERROR:filesystem_win.cc(129)] GetFileAttributes C:\Users\eichs\AppData\Local\Temp\scoped_dir17916_1451948390\Crashpad\attachments\11410461-5aa8-438b-823c-b2413cf9843e: Das System kann den angegebenen Pfad nicht finden. (0x3)
[0110/024014.015:ERROR:filesystem_win.cc(129)] GetFileAttributes C:\Users\eichs\AppData\Local\Temp\scoped_dir14840_358899837\Crashpad\attachments\2682742d-5c87-43e4-90bf-ce3eb94e4adc: Das System kann den angegebenen Pfad nicht finden. (0x3)
[0110/025015.755:ERROR:filesystem_win.cc(129)] GetFileAttributes C:\Users\eichs\AppData\Local\Temp\scoped_dir19896_731079559\Crashpad\attachments\2c6ea152-49a6-4df6-822a-5247dadf821c: Das System kann den angegebenen Pfad nicht finden. (0x3)
[0110/025128.743:ERROR:process_reader_win.cc(123)] NtOpenThread: {Zugriff verweigert} Ein Prozess hat einen Zugriff auf ein Objekt angefordert, aber ihm wurden nicht die Rechte für den Zugriff erteilt. (0xc0000022)
[0110/025128.743:ERROR:exception_snapshot_win.cc(99)] thread ID 3432 not found in process
[0110/025152.398:ERROR:process_info.cc(329)] VirtualQueryEx: Zugriff verweigert (0x5)
[0110/025152.399:ERROR:process_info.cc(556)] ReadMemoryInfo failed
[0110/025152.399:ERROR:scoped_process_suspend.cc(40)] NtResumeProcess: Es wurde versucht, auf einen Prozess zuzugreifen, der gerade beendet wurde. (0xc000010a)
[0110/025411.723:ERROR:filesystem_win.cc(129)] GetFileAttributes C:\Users\eichs\AppData\Local\Temp\scoped_dir13236_344879930\Crashpad\attachments\72e59c7b-71fb-4ca7-8e19-6f686e2cf06b: Das System kann den angegebenen Pfad nicht finden. (0x3)
[0110/025655.978:ERROR:filesystem_win.cc(129)] GetFileAttributes C:\Users\eichs\AppData\Local\Temp\scoped_dir19612_71668017\Crashpad\attachments\02e04876-eb94-4383-b2e2-8c7446f0dcc1: Das System kann den angegebenen Pfad nicht finden. (0x3)
[0110/030726.089:ERROR:filesystem_win.cc(129)] GetFileAttributes C:\Users\eichs\AppData\Local\Temp\scoped_dir18612_329958370\Crashpad\attachments\de01f1f6-a8d3-49f4-be62-1a23403b9ee7: Das System kann den angegebenen Pfad nicht finden. (0x3)
[0110/031023.619:ERROR:filesystem_win.cc(129)] GetFileAttributes C:\Users\eichs\AppData\Local\Temp\scoped_dir12328_960477184\Crashpad\attachments\e7521e8a-0d60-4694-9b56-1f683a2f762e: Das System kann den angegebenen Pfad nicht finden. (0x3)
[0110/031059.639:ERROR:filesystem_win.cc(129)] GetFileAttributes C:\Users\eichs\AppData\Local\Temp\scoped_dir22184_1589555071\Crashpad\attachments\58b5ea53-0d40-4612-a793-e23631c16707: Das System kann den angegebenen Pfad nicht finden. (0x3)
[0110/031828.638:ERROR:filesystem_win.cc(129)] GetFileAttributes C:\Users\eichs\AppData\Local\Temp\scoped_dir18332_694490493\Crashpad\attachments\5b58fe73-b497-42a7-b609-ddfda2fa3be2: Das System kann den angegebenen Pfad nicht finden. (0x3)
[0111/142130.987:ERROR:filesystem_win.cc(129)] GetFileAttributes C:\Users\eichs\AppData\Local\Temp\scoped_dir4804_796928762\Crashpad\attachments\6747c0ce-582a-431b-b677-b878c8a0fcd4: Das System kann den angegebenen Pfad nicht finden. (0x3)
[0111/143102.394:ERROR:filesystem_win.cc(129)] GetFileAttributes C:\Users\eichs\AppData\Local\Temp\scoped_dir15152_1828769196\Crashpad\attachments\75011fd6-f264-4352-ad0e-1e9d7a3aa957: Das System kann den angegebenen Pfad nicht finden. (0x3)
[0113/181416.028:ERROR:filesystem_win.cc(129)] GetFileAttributes C:\Users\eichs\AppData\Local\Temp\scoped_dir7496_1647617623\Crashpad\attachments\33ffd2a5-845f-49e7-a051-0878638eda26: Das System kann den angegebenen Pfad nicht finden. (0x3)
[0113/182615.034:ERROR:filesystem_win.cc(129)] GetFileAttributes C:\Users\eichs\AppData\Local\Temp\scoped_dir12884_1570355900\Crashpad\attachments\ec715faa-b589-4483-9809-902e9e18e54b: Das System kann den angegebenen Pfad nicht finden. (0x3)
[0113/182805.710:ERROR:filesystem_win.cc(129)] GetFileAttributes C:\Users\eichs\AppData\Local\Temp\scoped_dir17096_135218364\Crashpad\attachments\8dd01bd6-5f9d-4125-acf4-eb6b20a39c71: Das System kann den angegebenen Pfad nicht finden. (0x3)
[0114/030000.318:ERROR:filesystem_win.cc(129)] GetFileAttributes C:\Users\eichs\AppData\Local\Temp\scoped_dir4968_1202046395\Crashpad\attachments\d30ceea8-fc58-43ed-929b-7a30ee3e13fa: Das System kann den angegebenen Pfad nicht finden. (0x3)
[0114/030153.148:ERROR:filesystem_win.cc(129)] GetFileAttributes C:\Users\eichs\AppData\Local\Temp\scoped_dir6436_1850200455\Crashpad\attachments\bbc0f151-8a34-45e8-861a-ee8e26aee240: Das System kann den angegebenen Pfad nicht finden. (0x3)
[0114/030240.579:ERROR:filesystem_win.cc(129)] GetFileAttributes C:\Users\eichs\AppData\Local\Temp\scoped_dir10220_444117829\Crashpad\attachments\9d481565-bbfe-4acf-8703-ebcda68e911b: Das System kann den angegebenen Pfad nicht finden. (0x3)
[0114/030545.236:ERROR:filesystem_win.cc(129)] GetFileAttributes C:\Users\eichs\AppData\Local\Temp\scoped_dir5700_1245093660\Crashpad\attachments\bf407043-3385-4c2e-a71b-80f05c07f010: Das System kann den angegebenen Pfad nicht finden. (0x3)
[0114/031002.739:ERROR:filesystem_win.cc(129)] GetFileAttributes C:\Users\eichs\AppData\Local\Temp\scoped_dir17248_270398041\Crashpad\attachments\64bb2bd0-c4cd-4410-9eae-731766c65b80: Das System kann den angegebenen Pfad nicht finden. (0x3)
[0114/031311.383:ERROR:filesystem_win.cc(129)] GetFileAttributes C:\Users\eichs\AppData\Local\Temp\scoped_dir9680_1844872580\Crashpad\attachments\beb4ea6a-860d-4aad-b669-9799a7acac32: Das System kann den angegebenen Pfad nicht finden. (0x3)
[0114/032027.861:ERROR:filesystem_win.cc(129)] GetFileAttributes C:\Users\eichs\AppData\Local\Temp\scoped_dir15300_23912582\Crashpad\attachments\64c161b3-70a7-40c2-baf6-a29acd402aa9: Das System kann den angegebenen Pfad nicht finden. (0x3)
[0114/032300.367:ERROR:filesystem_win.cc(129)] GetFileAttributes C:\Users\eichs\AppData\Local\Temp\scoped_dir16428_1656807983\Crashpad\attachments\ef22354d-0f6d-4197-884d-9b73066f3294: Das System kann den angegebenen Pfad nicht finden. (0x3)
[0114/032525.977:ERROR:filesystem_win.cc(129)] GetFileAttributes C:\Users\eichs\AppData\Local\Temp\scoped_dir15740_174135692\Crashpad\attachments\5263e026-8e61-49d7-9d3d-5e926f4c2026: Das System kann den angegebenen Pfad nicht finden. (0x3)
[0114/032851.449:ERROR:filesystem_win.cc(129)] GetFileAttributes C:\Users\eichs\AppData\Local\Temp\scoped_dir5584_1246729072\Crashpad\attachments\c6a4ea15-fcc5-48f3-9af2-660437817a0a: Das System kann den angegebenen Pfad nicht finden. (0x3)
[0114/032942.524:ERROR:directory_reader_win.cc(43)] FindFirstFile: Das System kann den angegebenen Pfad nicht finden. (0x3)
[0114/033922.428:ERROR:filesystem_win.cc(129)] GetFileAttributes C:\Users\eichs\AppData\Local\Temp\scoped_dir15176_1495166271\Crashpad\attachments\3ab16970-7c3f-42a2-b404-f9a4fc422169: Das System kann den angegebenen Pfad nicht finden. (0x3)
[0114/034228.757:ERROR:filesystem_win.cc(129)] GetFileAttributes C:\Users\eichs\AppData\Local\Temp\scoped_dir11940_1204708778\Crashpad\attachments\0c515bb8-01d0-42bd-a97b-e2d8782b7c9d: Das System kann den angegebenen Pfad nicht finden. (0x3)
[0114/034615.496:ERROR:filesystem_win.cc(129)] GetFileAttributes C:\Users\eichs\AppData\Local\Temp\scoped_dir16396_1613532618\Crashpad\attachments\bfc8e2d6-6431-45be-8da7-feca76862c22: Das System kann den angegebenen Pfad nicht finden. (0x3)
[0114/040937.385:ERROR:filesystem_win.cc(129)] GetFileAttributes C:\Users\eichs\AppData\Local\Temp\scoped_dir9128_829144257\Crashpad\attachments\61fbc24c-63f2-4539-a042-b816714fd3f6: Das System kann den angegebenen Pfad nicht finden. (0x3)
[0114/041346.534:ERROR:filesystem_win.cc(129)] GetFileAttributes C:\Users\eichs\AppData\Local\Temp\scoped_dir8144_518877683\Crashpad\attachments\99efb968-52c1-4455-93a7-722f438f76d3: Das System kann den angegebenen Pfad nicht finden. (0x3)
[0114/041709.124:ERROR:filesystem_win.cc(129)] GetFileAttributes C:\Users\eichs\AppData\Local\Temp\scoped_dir11036_1472352568\Crashpad\attachments\091ab439-7d7a-4f33-9b8f-115769a2b127: Das System kann den angegebenen Pfad nicht finden. (0x3)
[0114/042313.463:ERROR:filesystem_win.cc(129)] GetFileAttributes C:\Users\eichs\AppData\Local\Temp\scoped_dir4060_2103126898\Crashpad\attachments\d78bb20a-7ef3-495c-b436-8d6a1c1d5eca: Das System kann den angegebenen Pfad nicht finden. (0x3)
[0114/042816.678:ERROR:filesystem_win.cc(129)] GetFileAttributes C:\Users\eichs\AppData\Local\Temp\scoped_dir12768_1376963620\Crashpad\attachments\899d249a-3e69-48a6-8a56-4209fbec633b: Das System kann den angegebenen Pfad nicht finden. (0x3)
[0114/043442.907:ERROR:filesystem_win.cc(129)] GetFileAttributes C:\Users\eichs\AppData\Local\Temp\scoped_dir13492_1993660646\Crashpad\attachments\cc0715f1-8377-4a8d-ac0f-a8c92bdb7928: Das System kann den angegebenen Pfad nicht finden. (0x3)
[0114/044357.532:ERROR:directory_reader_win.cc(43)] FindFirstFile: Das System kann den angegebenen Pfad nicht finden. (0x3)
[0114/044406.779:ERROR:filesystem_win.cc(129)] GetFileAttributes C:\Users\eichs\AppData\Local\Temp\scoped_dir11396_325581317\Crashpad\attachments\82e26047-04ee-4dab-ac42-9ef3907782c9: Das System kann den angegebenen Pfad nicht finden. (0x3)
